<?xml version="1.0" encoding="UTF-8"?>
<coverage generated="1576051107324" clover="3.2.0">
  <project timestamp="1576051107324" name="All files">
    <metrics statements="87" coveredstatements="73" conditionals="23" coveredconditionals="19" methods="17" coveredmethods="13" elements="127" coveredelements="105" complexity="0" loc="87" ncloc="87" packages="1" files="4" classes="4"/>
    <file name="hoover.js" path="/Users/student/Google Drive/Coding/Makers/Week13/robotic-hoover-tech-test/src/hoover.js">
      <metrics statements="33" coveredstatements="33" conditionals="19" coveredconditionals="19" methods="6" coveredmethods="6"/>
      <line num="3" count="14" type="stmt"/>
      <line num="4" count="14" type="stmt"/>
      <line num="5" count="14" type="stmt"/>
      <line num="6" count="14" type="stmt"/>
      <line num="7" count="14" type="stmt"/>
      <line num="8" count="14" type="stmt"/>
      <line num="9" count="14" type="stmt"/>
      <line num="13" count="20" type="cond" truecount="5" falsecount="0"/>
      <line num="15" count="6" type="cond" truecount="2" falsecount="0"/>
      <line num="16" count="6" type="stmt"/>
      <line num="18" count="2" type="cond" truecount="2" falsecount="0"/>
      <line num="19" count="2" type="stmt"/>
      <line num="21" count="9" type="cond" truecount="2" falsecount="0"/>
      <line num="22" count="9" type="stmt"/>
      <line num="24" count="2" type="cond" truecount="2" falsecount="0"/>
      <line num="25" count="2" type="stmt"/>
      <line num="27" count="1" type="stmt"/>
      <line num="28" count="1" type="stmt"/>
      <line num="33" count="5" type="stmt"/>
      <line num="37" count="2" type="stmt"/>
      <line num="38" count="2" type="stmt"/>
      <line num="39" count="6" type="stmt"/>
      <line num="40" count="6" type="stmt"/>
      <line num="41" count="6" type="cond" truecount="2" falsecount="0"/>
      <line num="43" count="2" type="stmt"/>
      <line num="47" count="1" type="stmt"/>
      <line num="57" count="7" type="stmt"/>
      <line num="58" count="7" type="stmt"/>
      <line num="59" count="7" type="cond" truecount="4" falsecount="0"/>
      <line num="60" count="5" type="stmt"/>
      <line num="61" count="5" type="stmt"/>
      <line num="64" count="2" type="stmt"/>
      <line num="68" count="1" type="stmt"/>
    </file>
    <file name="input.js" path="/Users/student/Google Drive/Coding/Makers/Week13/robotic-hoover-tech-test/src/input.js">
      <metrics statements="19" coveredstatements="13" conditionals="2" coveredconditionals="0" methods="4" coveredmethods="2"/>
      <line num="1" count="1" type="stmt"/>
      <line num="3" count="1" type="stmt"/>
      <line num="4" count="1" type="stmt"/>
      <line num="5" count="1" type="stmt"/>
      <line num="6" count="1" type="stmt"/>
      <line num="7" count="1" type="stmt"/>
      <line num="8" count="2" type="stmt"/>
      <line num="9" count="2" type="stmt"/>
      <line num="11" count="1" type="stmt"/>
      <line num="20" count="1" type="stmt"/>
      <line num="23" count="1" type="stmt"/>
      <line num="24" count="0" type="stmt"/>
      <line num="25" count="0" type="cond" truecount="0" falsecount="2"/>
      <line num="26" count="0" type="stmt"/>
      <line num="29" count="0" type="stmt"/>
      <line num="30" count="0" type="stmt"/>
      <line num="31" count="0" type="stmt"/>
      <line num="34" count="1" type="stmt"/>
      <line num="35" count="1" type="stmt"/>
    </file>
    <file name="output.js" path="/Users/student/Google Drive/Coding/Makers/Week13/robotic-hoover-tech-test/src/output.js">
      <metrics statements="15" coveredstatements="7" conditionals="2" coveredconditionals="0" methods="3" coveredmethods="1"/>
      <line num="1" count="1" type="stmt"/>
      <line num="3" count="1" type="stmt"/>
      <line num="4" count="1" type="stmt"/>
      <line num="5" count="1" type="stmt"/>
      <line num="8" count="1" type="stmt"/>
      <line num="9" count="0" type="stmt"/>
      <line num="11" count="0" type="stmt"/>
      <line num="12" count="0" type="cond" truecount="0" falsecount="2"/>
      <line num="13" count="0" type="stmt"/>
      <line num="15" count="0" type="stmt"/>
      <line num="16" count="0" type="stmt"/>
      <line num="17" count="0" type="stmt"/>
      <line num="18" count="0" type="stmt"/>
      <line num="22" count="1" type="stmt"/>
      <line num="23" count="1" type="stmt"/>
    </file>
    <file name="printer.js" path="/Users/student/Google Drive/Coding/Makers/Week13/robotic-hoover-tech-test/src/printer.js">
      <metrics statements="20" coveredstatements="20" conditionals="0" coveredconditionals="0" methods="4" coveredmethods="4"/>
      <line num="1" count="1" type="stmt"/>
      <line num="2" count="1" type="stmt"/>
      <line num="4" count="1" type="stmt"/>
      <line num="5" count="5" type="stmt"/>
      <line num="8" count="1" type="stmt"/>
      <line num="9" count="1" type="stmt"/>
      <line num="10" count="1" type="stmt"/>
      <line num="11" count="1" type="stmt"/>
      <line num="12" count="1" type="stmt"/>
      <line num="13" count="1" type="stmt"/>
      <line num="14" count="1" type="stmt"/>
      <line num="17" count="1" type="stmt"/>
      <line num="18" count="1" type="stmt"/>
      <line num="19" count="1" type="stmt"/>
      <line num="20" count="1" type="stmt"/>
      <line num="21" count="1" type="stmt"/>
      <line num="24" count="1" type="stmt"/>
      <line num="25" count="1" type="stmt"/>
      <line num="26" count="1" type="stmt"/>
      <line num="27" count="1" type="stmt"/>
    </file>
  </project>
</coverage>
