{"/Users/student/Google Drive/Coding/Makers/Week13/robotic-hoover-tech-test/src/hoover.js": {"path":"/Users/student/Google Drive/Coding/Makers/Week13/robotic-hoover-tech-test/src/hoover.js","statementMap":{"0":{"start":{"line":3,"column":4},"end":{"line":3,"column":44}},"1":{"start":{"line":4,"column":4},"end":{"line":4,"column":44}},"2":{"start":{"line":5,"column":4},"end":{"line":5,"column":48}},"3":{"start":{"line":6,"column":4},"end":{"line":6,"column":48}},"4":{"start":{"line":7,"column":4},"end":{"line":7,"column":42}},"5":{"start":{"line":8,"column":4},"end":{"line":8,"column":42}},"6":{"start":{"line":9,"column":4},"end":{"line":9,"column":30}},"7":{"start":{"line":13,"column":4},"end":{"line":29,"column":5}},"8":{"start":{"line":15,"column":8},"end":{"line":15,"column":74}},"9":{"start":{"line":15,"column":54},"end":{"line":15,"column":74}},"10":{"start":{"line":16,"column":8},"end":{"line":16,"column":14}},"11":{"start":{"line":18,"column":8},"end":{"line":18,"column":52}},"12":{"start":{"line":18,"column":32},"end":{"line":18,"column":52}},"13":{"start":{"line":19,"column":8},"end":{"line":19,"column":14}},"14":{"start":{"line":21,"column":8},"end":{"line":21,"column":74}},"15":{"start":{"line":21,"column":54},"end":{"line":21,"column":74}},"16":{"start":{"line":22,"column":8},"end":{"line":22,"column":14}},"17":{"start":{"line":24,"column":8},"end":{"line":24,"column":52}},"18":{"start":{"line":24,"column":32},"end":{"line":24,"column":52}},"19":{"start":{"line":25,"column":8},"end":{"line":25,"column":14}},"20":{"start":{"line":27,"column":8},"end":{"line":27,"column":49}},"21":{"start":{"line":28,"column":8},"end":{"line":28,"column":14}},"22":{"start":{"line":33,"column":4},"end":{"line":33,"column":31}},"23":{"start":{"line":37,"column":19},"end":{"line":37,"column":36}},"24":{"start":{"line":38,"column":4},"end":{"line":42,"column":5}},"25":{"start":{"line":38,"column":17},"end":{"line":38,"column":18}},"26":{"start":{"line":39,"column":24},"end":{"line":39,"column":40}},"27":{"start":{"line":40,"column":6},"end":{"line":40,"column":27}},"28":{"start":{"line":41,"column":6},"end":{"line":41,"column":43}},"29":{"start":{"line":41,"column":30},"end":{"line":41,"column":43}},"30":{"start":{"line":43,"column":4},"end":{"line":43,"column":48}},"31":{"start":{"line":47,"column":4},"end":{"line":53,"column":6}},"32":{"start":{"line":57,"column":4},"end":{"line":63,"column":5}},"33":{"start":{"line":57,"column":17},"end":{"line":57,"column":18}},"34":{"start":{"line":58,"column":20},"end":{"line":58,"column":40}},"35":{"start":{"line":59,"column":6},"end":{"line":62,"column":7}},"36":{"start":{"line":60,"column":8},"end":{"line":60,"column":39}},"37":{"start":{"line":61,"column":8},"end":{"line":61,"column":20}},"38":{"start":{"line":64,"column":4},"end":{"line":64,"column":17}},"39":{"start":{"line":68,"column":0},"end":{"line":68,"column":24}}},"fnMap":{"0":{"name":"(anonymous_0)","decl":{"start":{"line":2,"column":2},"end":{"line":2,"column":3}},"loc":{"start":{"line":2,"column":20},"end":{"line":10,"column":3}},"line":2},"1":{"name":"(anonymous_1)","decl":{"start":{"line":12,"column":2},"end":{"line":12,"column":3}},"loc":{"start":{"line":12,"column":18},"end":{"line":30,"column":3}},"line":12},"2":{"name":"(anonymous_2)","decl":{"start":{"line":32,"column":2},"end":{"line":32,"column":3}},"loc":{"start":{"line":32,"column":10},"end":{"line":34,"column":3}},"line":32},"3":{"name":"(anonymous_3)","decl":{"start":{"line":36,"column":2},"end":{"line":36,"column":3}},"loc":{"start":{"line":36,"column":23},"end":{"line":44,"column":3}},"line":36},"4":{"name":"(anonymous_4)","decl":{"start":{"line":46,"column":2},"end":{"line":46,"column":3}},"loc":{"start":{"line":46,"column":14},"end":{"line":54,"column":3}},"line":46},"5":{"name":"(anonymous_5)","decl":{"start":{"line":56,"column":2},"end":{"line":56,"column":3}},"loc":{"start":{"line":56,"column":16},"end":{"line":65,"column":3}},"line":56}},"branchMap":{"0":{"loc":{"start":{"line":13,"column":4},"end":{"line":29,"column":5}},"type":"switch","locations":[{"start":{"line":14,"column":6},"end":{"line":16,"column":14}},{"start":{"line":17,"column":6},"end":{"line":19,"column":14}},{"start":{"line":20,"column":6},"end":{"line":22,"column":14}},{"start":{"line":23,"column":6},"end":{"line":25,"column":14}},{"start":{"line":26,"column":6},"end":{"line":28,"column":14}}],"line":13},"1":{"loc":{"start":{"line":15,"column":8},"end":{"line":15,"column":74}},"type":"if","locations":[{"start":{"line":15,"column":8},"end":{"line":15,"column":74}},{"start":{"line":15,"column":8},"end":{"line":15,"column":74}}],"line":15},"2":{"loc":{"start":{"line":18,"column":8},"end":{"line":18,"column":52}},"type":"if","locations":[{"start":{"line":18,"column":8},"end":{"line":18,"column":52}},{"start":{"line":18,"column":8},"end":{"line":18,"column":52}}],"line":18},"3":{"loc":{"start":{"line":21,"column":8},"end":{"line":21,"column":74}},"type":"if","locations":[{"start":{"line":21,"column":8},"end":{"line":21,"column":74}},{"start":{"line":21,"column":8},"end":{"line":21,"column":74}}],"line":21},"4":{"loc":{"start":{"line":24,"column":8},"end":{"line":24,"column":52}},"type":"if","locations":[{"start":{"line":24,"column":8},"end":{"line":24,"column":52}},{"start":{"line":24,"column":8},"end":{"line":24,"column":52}}],"line":24},"5":{"loc":{"start":{"line":41,"column":6},"end":{"line":41,"column":43}},"type":"if","locations":[{"start":{"line":41,"column":6},"end":{"line":41,"column":43}},{"start":{"line":41,"column":6},"end":{"line":41,"column":43}}],"line":41},"6":{"loc":{"start":{"line":59,"column":6},"end":{"line":62,"column":7}},"type":"if","locations":[{"start":{"line":59,"column":6},"end":{"line":62,"column":7}},{"start":{"line":59,"column":6},"end":{"line":62,"column":7}}],"line":59},"7":{"loc":{"start":{"line":59,"column":10},"end":{"line":59,"column":66}},"type":"binary-expr","locations":[{"start":{"line":59,"column":10},"end":{"line":59,"column":36}},{"start":{"line":59,"column":40},"end":{"line":59,"column":66}}],"line":59}},"s":{"0":14,"1":14,"2":14,"3":14,"4":14,"5":14,"6":14,"7":20,"8":6,"9":5,"10":6,"11":2,"12":1,"13":2,"14":9,"15":6,"16":9,"17":2,"18":1,"19":2,"20":1,"21":1,"22":5,"23":2,"24":2,"25":2,"26":6,"27":6,"28":6,"29":4,"30":2,"31":1,"32":7,"33":7,"34":7,"35":7,"36":5,"37":5,"38":2,"39":1},"f":{"0":14,"1":20,"2":5,"3":2,"4":1,"5":7},"b":{"0":[6,2,9,2,1],"1":[5,1],"2":[1,1],"3":[6,3],"4":[1,1],"5":[4,2],"6":[5,2],"7":[7,7]},"_coverageSchema":"43e27e138ebf9cfc5966b082cf9a028302ed4184","hash":"5d599f2d9bba037ef7be7e0ab09b46aa21dfe167"}
,"/Users/student/Google Drive/Coding/Makers/Week13/robotic-hoover-tech-test/src/input.js": {"path":"/Users/student/Google Drive/Coding/Makers/Week13/robotic-hoover-tech-test/src/input.js","statementMap":{"0":{"start":{"line":1,"column":11},"end":{"line":1,"column":24}},"1":{"start":{"line":3,"column":19},"end":{"line":21,"column":1}},"2":{"start":{"line":4,"column":16},"end":{"line":4,"column":39}},"3":{"start":{"line":5,"column":19},"end":{"line":5,"column":42}},"4":{"start":{"line":6,"column":23},"end":{"line":6,"column":33}},"5":{"start":{"line":7,"column":23},"end":{"line":10,"column":4}},"6":{"start":{"line":8,"column":24},"end":{"line":8,"column":40}},"7":{"start":{"line":9,"column":4},"end":{"line":9,"column":80}},"8":{"start":{"line":11,"column":17},"end":{"line":19,"column":3}},"9":{"start":{"line":20,"column":2},"end":{"line":20,"column":16}},"10":{"start":{"line":23,"column":17},"end":{"line":32,"column":1}},"11":{"start":{"line":24,"column":19},"end":{"line":28,"column":4}},"12":{"start":{"line":25,"column":4},"end":{"line":27,"column":5}},"13":{"start":{"line":26,"column":6},"end":{"line":26,"column":16}},"14":{"start":{"line":29,"column":24},"end":{"line":29,"column":55}},"15":{"start":{"line":30,"column":17},"end":{"line":30,"column":42}},"16":{"start":{"line":31,"column":2},"end":{"line":31,"column":16}},"17":{"start":{"line":34,"column":0},"end":{"line":34,"column":28}},"18":{"start":{"line":35,"column":0},"end":{"line":35,"column":32}}},"fnMap":{"0":{"name":"(anonymous_0)","decl":{"start":{"line":3,"column":19},"end":{"line":3,"column":20}},"loc":{"start":{"line":3,"column":29},"end":{"line":21,"column":1}},"line":3},"1":{"name":"(anonymous_1)","decl":{"start":{"line":7,"column":32},"end":{"line":7,"column":33}},"loc":{"start":{"line":7,"column":43},"end":{"line":10,"column":3}},"line":7},"2":{"name":"(anonymous_2)","decl":{"start":{"line":23,"column":17},"end":{"line":23,"column":18}},"loc":{"start":{"line":23,"column":23},"end":{"line":32,"column":1}},"line":23},"3":{"name":"(anonymous_3)","decl":{"start":{"line":24,"column":56},"end":{"line":24,"column":57}},"loc":{"start":{"line":24,"column":68},"end":{"line":28,"column":3}},"line":24}},"branchMap":{"0":{"loc":{"start":{"line":25,"column":4},"end":{"line":27,"column":5}},"type":"if","locations":[{"start":{"line":25,"column":4},"end":{"line":27,"column":5}},{"start":{"line":25,"column":4},"end":{"line":27,"column":5}}],"line":25}},"s":{"0":1,"1":1,"2":1,"3":1,"4":1,"5":1,"6":2,"7":2,"8":1,"9":1,"10":1,"11":0,"12":0,"13":0,"14":0,"15":0,"16":0,"17":1,"18":1},"f":{"0":1,"1":2,"2":0,"3":0},"b":{"0":[0,0]},"_coverageSchema":"43e27e138ebf9cfc5966b082cf9a028302ed4184","hash":"978056063dfc9288a7aaacf8f925d1879b246792"}
,"/Users/student/Google Drive/Coding/Makers/Week13/robotic-hoover-tech-test/src/output.js": {"path":"/Users/student/Google Drive/Coding/Makers/Week13/robotic-hoover-tech-test/src/output.js","statementMap":{"0":{"start":{"line":1,"column":11},"end":{"line":1,"column":24}},"1":{"start":{"line":3,"column":20},"end":{"line":6,"column":1}},"2":{"start":{"line":4,"column":17},"end":{"line":4,"column":92}},"3":{"start":{"line":5,"column":2},"end":{"line":5,"column":16}},"4":{"start":{"line":8,"column":20},"end":{"line":20,"column":1}},"5":{"start":{"line":9,"column":17},"end":{"line":9,"column":34}},"6":{"start":{"line":11,"column":2},"end":{"line":19,"column":5}},"7":{"start":{"line":12,"column":4},"end":{"line":14,"column":5}},"8":{"start":{"line":13,"column":6},"end":{"line":13,"column":16}},"9":{"start":{"line":15,"column":4},"end":{"line":15,"column":30}},"10":{"start":{"line":16,"column":4},"end":{"line":16,"column":24}},"11":{"start":{"line":17,"column":4},"end":{"line":17,"column":52}},"12":{"start":{"line":18,"column":4},"end":{"line":18,"column":44}},"13":{"start":{"line":22,"column":0},"end":{"line":22,"column":34}},"14":{"start":{"line":23,"column":0},"end":{"line":23,"column":34}}},"fnMap":{"0":{"name":"(anonymous_0)","decl":{"start":{"line":3,"column":20},"end":{"line":3,"column":21}},"loc":{"start":{"line":3,"column":30},"end":{"line":6,"column":1}},"line":3},"1":{"name":"(anonymous_1)","decl":{"start":{"line":8,"column":20},"end":{"line":8,"column":21}},"loc":{"start":{"line":8,"column":30},"end":{"line":20,"column":1}},"line":8},"2":{"name":"(anonymous_2)","decl":{"start":{"line":11,"column":37},"end":{"line":11,"column":38}},"loc":{"start":{"line":11,"column":46},"end":{"line":19,"column":3}},"line":11}},"branchMap":{"0":{"loc":{"start":{"line":12,"column":4},"end":{"line":14,"column":5}},"type":"if","locations":[{"start":{"line":12,"column":4},"end":{"line":14,"column":5}},{"start":{"line":12,"column":4},"end":{"line":14,"column":5}}],"line":12}},"s":{"0":1,"1":1,"2":1,"3":1,"4":1,"5":0,"6":0,"7":0,"8":0,"9":0,"10":0,"11":0,"12":0,"13":1,"14":1},"f":{"0":1,"1":0,"2":0},"b":{"0":[0,0]},"_coverageSchema":"43e27e138ebf9cfc5966b082cf9a028302ed4184","hash":"7abef98e4fd980833c6b0c771632538aca88ca1f"}
,"/Users/student/Google Drive/Coding/Makers/Week13/robotic-hoover-tech-test/src/printer.js": {"path":"/Users/student/Google Drive/Coding/Makers/Week13/robotic-hoover-tech-test/src/printer.js","statementMap":{"0":{"start":{"line":1,"column":22},"end":{"line":3,"column":1}},"1":{"start":{"line":2,"column":2},"end":{"line":2,"column":32}},"2":{"start":{"line":4,"column":21},"end":{"line":6,"column":1}},"3":{"start":{"line":5,"column":2},"end":{"line":5,"column":34}},"4":{"start":{"line":8,"column":19},"end":{"line":15,"column":1}},"5":{"start":{"line":9,"column":2},"end":{"line":9,"column":35}},"6":{"start":{"line":10,"column":2},"end":{"line":10,"column":28}},"7":{"start":{"line":11,"column":2},"end":{"line":11,"column":17}},"8":{"start":{"line":12,"column":2},"end":{"line":12,"column":25}},"9":{"start":{"line":13,"column":2},"end":{"line":13,"column":17}},"10":{"start":{"line":14,"column":2},"end":{"line":14,"column":57}},"11":{"start":{"line":17,"column":20},"end":{"line":22,"column":1}},"12":{"start":{"line":18,"column":2},"end":{"line":18,"column":33}},"13":{"start":{"line":19,"column":2},"end":{"line":19,"column":17}},"14":{"start":{"line":20,"column":2},"end":{"line":20,"column":26}},"15":{"start":{"line":21,"column":2},"end":{"line":21,"column":17}},"16":{"start":{"line":24,"column":0},"end":{"line":24,"column":34}},"17":{"start":{"line":25,"column":0},"end":{"line":25,"column":38}},"18":{"start":{"line":26,"column":0},"end":{"line":26,"column":36}},"19":{"start":{"line":27,"column":0},"end":{"line":27,"column":32}}},"fnMap":{"0":{"name":"(anonymous_0)","decl":{"start":{"line":1,"column":22},"end":{"line":1,"column":23}},"loc":{"start":{"line":1,"column":28},"end":{"line":3,"column":1}},"line":1},"1":{"name":"(anonymous_1)","decl":{"start":{"line":4,"column":21},"end":{"line":4,"column":22}},"loc":{"start":{"line":4,"column":27},"end":{"line":6,"column":1}},"line":4},"2":{"name":"(anonymous_2)","decl":{"start":{"line":8,"column":19},"end":{"line":8,"column":20}},"loc":{"start":{"line":8,"column":34},"end":{"line":15,"column":1}},"line":8},"3":{"name":"(anonymous_3)","decl":{"start":{"line":17,"column":20},"end":{"line":17,"column":21}},"loc":{"start":{"line":17,"column":36},"end":{"line":22,"column":1}},"line":17}},"branchMap":{},"s":{"0":1,"1":1,"2":1,"3":5,"4":1,"5":1,"6":1,"7":1,"8":1,"9":1,"10":1,"11":1,"12":1,"13":1,"14":1,"15":1,"16":1,"17":1,"18":1,"19":1},"f":{"0":1,"1":5,"2":1,"3":1},"b":{},"_coverageSchema":"43e27e138ebf9cfc5966b082cf9a028302ed4184","hash":"40b2b225118e8c4863abedc3c942a1a740c9b45c"}
}
