TN:
SF:/Users/student/Google Drive/Coding/Makers/Week13/robotic-hoover-tech-test/src/hoover.js
FN:2,(anonymous_0)
FN:12,(anonymous_1)
FN:32,(anonymous_2)
FN:36,(anonymous_3)
FN:46,(anonymous_4)
FN:56,(anonymous_5)
FNF:6
FNH:6
FNDA:14,(anonymous_0)
FNDA:20,(anonymous_1)
FNDA:5,(anonymous_2)
FNDA:2,(anonymous_3)
FNDA:1,(anonymous_4)
FNDA:7,(anonymous_5)
DA:3,14
DA:4,14
DA:5,14
DA:6,14
DA:7,14
DA:8,14
DA:9,14
DA:13,20
DA:15,6
DA:16,6
DA:18,2
DA:19,2
DA:21,9
DA:22,9
DA:24,2
DA:25,2
DA:27,1
DA:28,1
DA:33,5
DA:37,2
DA:38,2
DA:39,6
DA:40,6
DA:41,6
DA:43,2
DA:47,1
DA:57,7
DA:58,7
DA:59,7
DA:60,5
DA:61,5
DA:64,2
DA:68,1
LF:33
LH:33
BRDA:13,0,0,6
BRDA:13,0,1,2
BRDA:13,0,2,9
BRDA:13,0,3,2
BRDA:13,0,4,1
BRDA:15,1,0,5
BRDA:15,1,1,1
BRDA:18,2,0,1
BRDA:18,2,1,1
BRDA:21,3,0,6
BRDA:21,3,1,3
BRDA:24,4,0,1
BRDA:24,4,1,1
BRDA:41,5,0,4
BRDA:41,5,1,2
BRDA:59,6,0,5
BRDA:59,6,1,2
BRDA:59,7,0,7
BRDA:59,7,1,7
BRF:19
BRH:19
end_of_record
TN:
SF:/Users/student/Google Drive/Coding/Makers/Week13/robotic-hoover-tech-test/src/input.js
FN:3,(anonymous_0)
FN:7,(anonymous_1)
FN:23,(anonymous_2)
FN:24,(anonymous_3)
FNF:4
FNH:2
FNDA:1,(anonymous_0)
FNDA:2,(anonymous_1)
FNDA:0,(anonymous_2)
FNDA:0,(anonymous_3)
DA:1,1
DA:3,1
DA:4,1
DA:5,1
DA:6,1
DA:7,1
DA:8,2
DA:9,2
DA:11,1
DA:20,1
DA:23,1
DA:24,0
DA:25,0
DA:26,0
DA:29,0
DA:30,0
DA:31,0
DA:34,1
DA:35,1
LF:19
LH:13
BRDA:25,0,0,0
BRDA:25,0,1,0
BRF:2
BRH:0
end_of_record
TN:
SF:/Users/student/Google Drive/Coding/Makers/Week13/robotic-hoover-tech-test/src/output.js
FN:3,(anonymous_0)
FN:8,(anonymous_1)
FN:11,(anonymous_2)
FNF:3
FNH:1
FNDA:1,(anonymous_0)
FNDA:0,(anonymous_1)
FNDA:0,(anonymous_2)
DA:1,1
DA:3,1
DA:4,1
DA:5,1
DA:8,1
DA:9,0
DA:11,0
DA:12,0
DA:13,0
DA:15,0
DA:16,0
DA:17,0
DA:18,0
DA:22,1
DA:23,1
LF:15
LH:7
BRDA:12,0,0,0
BRDA:12,0,1,0
BRF:2
BRH:0
end_of_record
TN:
SF:/Users/student/Google Drive/Coding/Makers/Week13/robotic-hoover-tech-test/src/printer.js
FN:1,(anonymous_0)
FN:4,(anonymous_1)
FN:8,(anonymous_2)
FN:17,(anonymous_3)
FNF:4
FNH:4
FNDA:1,(anonymous_0)
FNDA:5,(anonymous_1)
FNDA:1,(anonymous_2)
FNDA:1,(anonymous_3)
DA:1,1
DA:2,1
DA:4,1
DA:5,5
DA:8,1
DA:9,1
DA:10,1
DA:11,1
DA:12,1
DA:13,1
DA:14,1
DA:17,1
DA:18,1
DA:19,1
DA:20,1
DA:21,1
DA:24,1
DA:25,1
DA:26,1
DA:27,1
LF:20
LH:20
BRF:0
BRH:0
end_of_record
